CRITICAL - 2020-04-18 19:06:46 --> Unknown column 'active' in 'where clause'
#0 /Library/WebServer/Documents/digitaltax/system/Database/mysqli/Connection.php(330): mysqli->query('SELECT * FROM u...')
#1 /Library/WebServer/Documents/digitaltax/system/Database/BaseConnection.php(738): CodeIgniter\Database\MySQLi\Connection->execute('SELECT * FROM u...')
#2 /Library/WebServer/Documents/digitaltax/system/Database/BaseConnection.php(666): CodeIgniter\Database\BaseConnection->simpleQuery('SELECT * FROM u...')
#3 /Library/WebServer/Documents/digitaltax/app/Models/Authentication/AuthenticationModel.php(218): CodeIgniter\Database\BaseConnection->query('SELECT * FROM u...')
#4 /Library/WebServer/Documents/digitaltax/app/Controllers/Auth.php(146): App\Models\Authentication\AuthenticationModel->checkIfUserAlreadyExistsByUserName('confetti.tech15...', 1)
#5 /Library/WebServer/Documents/digitaltax/app/Controllers/Auth.php(115): App\Controllers\Auth->checkIfUserAlreadyExistsByEmail('confetti.tech15...', 1)
#6 /Library/WebServer/Documents/digitaltax/system/CodeIgniter.php(910): App\Controllers\Auth->signup()
#7 /Library/WebServer/Documents/digitaltax/system/CodeIgniter.php(398): CodeIgniter\CodeIgniter->runController(Object(App\Controllers\Auth))
#8 /Library/WebServer/Documents/digitaltax/system/CodeIgniter.php(306): CodeIgniter\CodeIgniter->handleRequest(NULL, Object(Config\Cache), false)
#9 /Library/WebServer/Documents/digitaltax/public/index.php(45): CodeIgniter\CodeIgniter->run()
#10 /Library/WebServer/Documents/digitaltax/system/Commands/Server/rewrite.php(34): require_once('/Library/WebSer...')
#11 {main}
CRITICAL - 2020-04-18 19:15:56 --> Call to a member function num_rows() on array
#0 /Library/WebServer/Documents/digitaltax/app/Controllers/Auth.php(146): App\Models\Authentication\AuthenticationModel->checkIfUserAlreadyExistsByEmail('confetti.tech15...', 1)
#1 /Library/WebServer/Documents/digitaltax/app/Controllers/Auth.php(115): App\Controllers\Auth->checkIfUserAlreadyExistsByEmail('confetti.tech15...', 1)
#2 /Library/WebServer/Documents/digitaltax/system/CodeIgniter.php(910): App\Controllers\Auth->signup()
#3 /Library/WebServer/Documents/digitaltax/system/CodeIgniter.php(398): CodeIgniter\CodeIgniter->runController(Object(App\Controllers\Auth))
#4 /Library/WebServer/Documents/digitaltax/system/CodeIgniter.php(306): CodeIgniter\CodeIgniter->handleRequest(NULL, Object(Config\Cache), false)
#5 /Library/WebServer/Documents/digitaltax/public/index.php(45): CodeIgniter\CodeIgniter->run()
#6 /Library/WebServer/Documents/digitaltax/system/Commands/Server/rewrite.php(34): require_once('/Library/WebSer...')
#7 {main}
CRITICAL - 2020-04-18 19:20:18 --> Class 'App\Models\Users\UsersModel' not found
#0 /Library/WebServer/Documents/digitaltax/app/Controllers/Auth.php(119): App\Models\Authentication\AuthenticationModel->signup(Array)
#1 /Library/WebServer/Documents/digitaltax/system/CodeIgniter.php(910): App\Controllers\Auth->signup()
#2 /Library/WebServer/Documents/digitaltax/system/CodeIgniter.php(398): CodeIgniter\CodeIgniter->runController(Object(App\Controllers\Auth))
#3 /Library/WebServer/Documents/digitaltax/system/CodeIgniter.php(306): CodeIgniter\CodeIgniter->handleRequest(NULL, Object(Config\Cache), false)
#4 /Library/WebServer/Documents/digitaltax/public/index.php(45): CodeIgniter\CodeIgniter->run()
#5 /Library/WebServer/Documents/digitaltax/system/Commands/Server/rewrite.php(34): require_once('/Library/WebSer...')
#6 {main}
CRITICAL - 2020-04-18 19:22:39 --> Table 'digitaltax.users' doesn't exist
#0 /Library/WebServer/Documents/digitaltax/system/Database/mysqli/Connection.php(330): mysqli->query('INSERT INTO `us...')
#1 /Library/WebServer/Documents/digitaltax/system/Database/BaseConnection.php(738): CodeIgniter\Database\MySQLi\Connection->execute('INSERT INTO `us...')
#2 /Library/WebServer/Documents/digitaltax/system/Database/BaseConnection.php(666): CodeIgniter\Database\BaseConnection->simpleQuery('INSERT INTO `us...')
#3 /Library/WebServer/Documents/digitaltax/system/Database/BaseBuilder.php(2206): CodeIgniter\Database\BaseConnection->query('INSERT INTO `us...', Array, false)
#4 /Library/WebServer/Documents/digitaltax/system/Model.php(722): CodeIgniter\Database\BaseBuilder->insert()
#5 /Library/WebServer/Documents/digitaltax/app/Models/Authentication/AuthenticationModel.php(32): CodeIgniter\Model->insert(Array)
#6 /Library/WebServer/Documents/digitaltax/app/Controllers/Auth.php(119): App\Models\Authentication\AuthenticationModel->signup(Array)
#7 /Library/WebServer/Documents/digitaltax/system/CodeIgniter.php(910): App\Controllers\Auth->signup()
#8 /Library/WebServer/Documents/digitaltax/system/CodeIgniter.php(398): CodeIgniter\CodeIgniter->runController(Object(App\Controllers\Auth))
#9 /Library/WebServer/Documents/digitaltax/system/CodeIgniter.php(306): CodeIgniter\CodeIgniter->handleRequest(NULL, Object(Config\Cache), false)
#10 /Library/WebServer/Documents/digitaltax/public/index.php(45): CodeIgniter\CodeIgniter->run()
#11 /Library/WebServer/Documents/digitaltax/system/Commands/Server/rewrite.php(34): require_once('/Library/WebSer...')
#12 {main}
CRITICAL - 2020-04-18 19:23:54 --> Table 'digitaltax.user' doesn't exist
#0 /Library/WebServer/Documents/digitaltax/system/Database/mysqli/Connection.php(330): mysqli->query('SELECT * FROM u...')
#1 /Library/WebServer/Documents/digitaltax/system/Database/BaseConnection.php(738): CodeIgniter\Database\MySQLi\Connection->execute('SELECT * FROM u...')
#2 /Library/WebServer/Documents/digitaltax/system/Database/BaseConnection.php(666): CodeIgniter\Database\BaseConnection->simpleQuery('SELECT * FROM u...')
#3 /Library/WebServer/Documents/digitaltax/app/Models/Authentication/AuthenticationModel.php(218): CodeIgniter\Database\BaseConnection->query('SELECT * FROM u...')
#4 /Library/WebServer/Documents/digitaltax/app/Controllers/Auth.php(146): App\Models\Authentication\AuthenticationModel->checkIfUserAlreadyExistsByEmail('confetti.tech15...', 1)
#5 /Library/WebServer/Documents/digitaltax/app/Controllers/Auth.php(115): App\Controllers\Auth->checkIfUserAlreadyExistsByEmail('confetti.tech15...', 1)
#6 /Library/WebServer/Documents/digitaltax/system/CodeIgniter.php(910): App\Controllers\Auth->signup()
#7 /Library/WebServer/Documents/digitaltax/system/CodeIgniter.php(398): CodeIgniter\CodeIgniter->runController(Object(App\Controllers\Auth))
#8 /Library/WebServer/Documents/digitaltax/system/CodeIgniter.php(306): CodeIgniter\CodeIgniter->handleRequest(NULL, Object(Config\Cache), false)
#9 /Library/WebServer/Documents/digitaltax/public/index.php(45): CodeIgniter\CodeIgniter->run()
#10 /Library/WebServer/Documents/digitaltax/system/Commands/Server/rewrite.php(34): require_once('/Library/WebSer...')
#11 {main}
CRITICAL - 2020-04-18 19:27:52 --> Class 'App\Models\Users\UsersModel' not found
#0 /Library/WebServer/Documents/digitaltax/app/Controllers/Auth.php(119): App\Models\Authentication\AuthenticationModel->signup(Array)
#1 /Library/WebServer/Documents/digitaltax/system/CodeIgniter.php(910): App\Controllers\Auth->signup()
#2 /Library/WebServer/Documents/digitaltax/system/CodeIgniter.php(398): CodeIgniter\CodeIgniter->runController(Object(App\Controllers\Auth))
#3 /Library/WebServer/Documents/digitaltax/system/CodeIgniter.php(306): CodeIgniter\CodeIgniter->handleRequest(NULL, Object(Config\Cache), false)
#4 /Library/WebServer/Documents/digitaltax/public/index.php(45): CodeIgniter\CodeIgniter->run()
#5 /Library/WebServer/Documents/digitaltax/system/Commands/Server/rewrite.php(34): require_once('/Library/WebSer...')
#6 {main}
CRITICAL - 2020-04-18 19:28:33 --> Class 'App\Models\User\UserModel' not found
#0 /Library/WebServer/Documents/digitaltax/app/Controllers/Auth.php(119): App\Models\Authentication\AuthenticationModel->signup(Array)
#1 /Library/WebServer/Documents/digitaltax/system/CodeIgniter.php(910): App\Controllers\Auth->signup()
#2 /Library/WebServer/Documents/digitaltax/system/CodeIgniter.php(398): CodeIgniter\CodeIgniter->runController(Object(App\Controllers\Auth))
#3 /Library/WebServer/Documents/digitaltax/system/CodeIgniter.php(306): CodeIgniter\CodeIgniter->handleRequest(NULL, Object(Config\Cache), false)
#4 /Library/WebServer/Documents/digitaltax/public/index.php(45): CodeIgniter\CodeIgniter->run()
#5 /Library/WebServer/Documents/digitaltax/system/Commands/Server/rewrite.php(34): require_once('/Library/WebSer...')
#6 {main}
CRITICAL - 2020-04-18 19:29:37 --> Cannot add or update a child row: a foreign key constraint fails (`digitaltax`.`user`, CONSTRAINT `fk_userType` FOREIGN KEY (`userTypeId`) REFERENCES `user_type` (`id`))
#0 /Library/WebServer/Documents/digitaltax/system/Database/mysqli/Connection.php(330): mysqli->query('INSERT INTO `us...')
#1 /Library/WebServer/Documents/digitaltax/system/Database/BaseConnection.php(738): CodeIgniter\Database\MySQLi\Connection->execute('INSERT INTO `us...')
#2 /Library/WebServer/Documents/digitaltax/system/Database/BaseConnection.php(666): CodeIgniter\Database\BaseConnection->simpleQuery('INSERT INTO `us...')
#3 /Library/WebServer/Documents/digitaltax/system/Database/BaseBuilder.php(2206): CodeIgniter\Database\BaseConnection->query('INSERT INTO `us...', Array, false)
#4 /Library/WebServer/Documents/digitaltax/system/Model.php(722): CodeIgniter\Database\BaseBuilder->insert()
#5 /Library/WebServer/Documents/digitaltax/app/Models/Authentication/AuthenticationModel.php(32): CodeIgniter\Model->insert(Array)
#6 /Library/WebServer/Documents/digitaltax/app/Controllers/Auth.php(119): App\Models\Authentication\AuthenticationModel->signup(Array)
#7 /Library/WebServer/Documents/digitaltax/system/CodeIgniter.php(910): App\Controllers\Auth->signup()
#8 /Library/WebServer/Documents/digitaltax/system/CodeIgniter.php(398): CodeIgniter\CodeIgniter->runController(Object(App\Controllers\Auth))
#9 /Library/WebServer/Documents/digitaltax/system/CodeIgniter.php(306): CodeIgniter\CodeIgniter->handleRequest(NULL, Object(Config\Cache), false)
#10 /Library/WebServer/Documents/digitaltax/public/index.php(45): CodeIgniter\CodeIgniter->run()
#11 /Library/WebServer/Documents/digitaltax/system/Commands/Server/rewrite.php(34): require_once('/Library/WebSer...')
#12 {main}
CRITICAL - 2020-04-18 20:04:02 --> {0} is not a valid Model Event callback.
#0 /Library/WebServer/Documents/digitaltax/system/Model.php(1616): CodeIgniter\Database\Exceptions\DataException::forInvalidMethodTriggered('getInsertedId')
#1 /Library/WebServer/Documents/digitaltax/system/Model.php(731): CodeIgniter\Model->trigger('afterInsert', Array)
#2 /Library/WebServer/Documents/digitaltax/app/Models/Authentication/AuthenticationModel.php(32): CodeIgniter\Model->insert(Array)
#3 /Library/WebServer/Documents/digitaltax/app/Controllers/Auth.php(120): App\Models\Authentication\AuthenticationModel->signup(Array)
#4 /Library/WebServer/Documents/digitaltax/system/CodeIgniter.php(910): App\Controllers\Auth->signup()
#5 /Library/WebServer/Documents/digitaltax/system/CodeIgniter.php(398): CodeIgniter\CodeIgniter->runController(Object(App\Controllers\Auth))
#6 /Library/WebServer/Documents/digitaltax/system/CodeIgniter.php(306): CodeIgniter\CodeIgniter->handleRequest(NULL, Object(Config\Cache), false)
#7 /Library/WebServer/Documents/digitaltax/public/index.php(45): CodeIgniter\CodeIgniter->run()
#8 /Library/WebServer/Documents/digitaltax/system/Commands/Server/rewrite.php(34): require_once('/Library/WebSer...')
#9 {main}
CRITICAL - 2020-04-18 20:08:21 --> Undefined offset: 0
#0 /Library/WebServer/Documents/digitaltax/app/Controllers/Auth.php(124): CodeIgniter\Debug\Exceptions->errorHandler(8, 'Undefined offse...', '/Library/WebSer...', 124, Array)
#1 /Library/WebServer/Documents/digitaltax/system/CodeIgniter.php(910): App\Controllers\Auth->signup()
#2 /Library/WebServer/Documents/digitaltax/system/CodeIgniter.php(398): CodeIgniter\CodeIgniter->runController(Object(App\Controllers\Auth))
#3 /Library/WebServer/Documents/digitaltax/system/CodeIgniter.php(306): CodeIgniter\CodeIgniter->handleRequest(NULL, Object(Config\Cache), false)
#4 /Library/WebServer/Documents/digitaltax/public/index.php(45): CodeIgniter\CodeIgniter->run()
#5 /Library/WebServer/Documents/digitaltax/system/Commands/Server/rewrite.php(34): require_once('/Library/WebSer...')
#6 {main}
