CRITICAL - 2020-04-14 20:01:38 --> Call to a member function helper() on null
#0 /Library/WebServer/Documents/digitaltax/system/CodeIgniter.php(910): App\Controllers\Auth->signup()
#1 /Library/WebServer/Documents/digitaltax/system/CodeIgniter.php(398): CodeIgniter\CodeIgniter->runController(Object(App\Controllers\Auth))
#2 /Library/WebServer/Documents/digitaltax/system/CodeIgniter.php(306): CodeIgniter\CodeIgniter->handleRequest(NULL, Object(Config\Cache), false)
#3 /Library/WebServer/Documents/digitaltax/public/index.php(45): CodeIgniter\CodeIgniter->run()
#4 /Library/WebServer/Documents/digitaltax/system/Commands/Server/rewrite.php(34): require_once('/Library/WebSer...')
#5 {main}
CRITICAL - 2020-04-14 20:04:37 --> Call to a member function helper() on null
#0 /Library/WebServer/Documents/digitaltax/system/CodeIgniter.php(910): App\Controllers\Auth->signup()
#1 /Library/WebServer/Documents/digitaltax/system/CodeIgniter.php(398): CodeIgniter\CodeIgniter->runController(Object(App\Controllers\Auth))
#2 /Library/WebServer/Documents/digitaltax/system/CodeIgniter.php(306): CodeIgniter\CodeIgniter->handleRequest(NULL, Object(Config\Cache), false)
#3 /Library/WebServer/Documents/digitaltax/public/index.php(45): CodeIgniter\CodeIgniter->run()
#4 /Library/WebServer/Documents/digitaltax/system/Commands/Server/rewrite.php(34): require_once('/Library/WebSer...')
#5 {main}
CRITICAL - 2020-04-14 20:05:41 --> Call to a member function helper() on null
#0 /Library/WebServer/Documents/digitaltax/system/CodeIgniter.php(910): App\Controllers\Auth->signup()
#1 /Library/WebServer/Documents/digitaltax/system/CodeIgniter.php(398): CodeIgniter\CodeIgniter->runController(Object(App\Controllers\Auth))
#2 /Library/WebServer/Documents/digitaltax/system/CodeIgniter.php(306): CodeIgniter\CodeIgniter->handleRequest(NULL, Object(Config\Cache), false)
#3 /Library/WebServer/Documents/digitaltax/public/index.php(45): CodeIgniter\CodeIgniter->run()
#4 /Library/WebServer/Documents/digitaltax/system/Commands/Server/rewrite.php(34): require_once('/Library/WebSer...')
#5 {main}
CRITICAL - 2020-04-14 20:10:06 --> Call to undefined method App\Controllers\Auth::checkIfUserAlreadyExistsByUserName()
#0 /Library/WebServer/Documents/digitaltax/system/CodeIgniter.php(910): App\Controllers\Auth->signup()
#1 /Library/WebServer/Documents/digitaltax/system/CodeIgniter.php(398): CodeIgniter\CodeIgniter->runController(Object(App\Controllers\Auth))
#2 /Library/WebServer/Documents/digitaltax/system/CodeIgniter.php(306): CodeIgniter\CodeIgniter->handleRequest(NULL, Object(Config\Cache), false)
#3 /Library/WebServer/Documents/digitaltax/public/index.php(45): CodeIgniter\CodeIgniter->run()
#4 /Library/WebServer/Documents/digitaltax/system/Commands/Server/rewrite.php(34): require_once('/Library/WebSer...')
#5 {main}
CRITICAL - 2020-04-14 20:12:18 --> Call to undefined method App\Controllers\Auth::checkIfUserAlreadyExistsByUserName()
#0 /Library/WebServer/Documents/digitaltax/system/CodeIgniter.php(910): App\Controllers\Auth->signup()
#1 /Library/WebServer/Documents/digitaltax/system/CodeIgniter.php(398): CodeIgniter\CodeIgniter->runController(Object(App\Controllers\Auth))
#2 /Library/WebServer/Documents/digitaltax/system/CodeIgniter.php(306): CodeIgniter\CodeIgniter->handleRequest(NULL, Object(Config\Cache), false)
#3 /Library/WebServer/Documents/digitaltax/public/index.php(45): CodeIgniter\CodeIgniter->run()
#4 /Library/WebServer/Documents/digitaltax/system/Commands/Server/rewrite.php(34): require_once('/Library/WebSer...')
#5 {main}
CRITICAL - 2020-04-14 20:12:51 --> Call to undefined method App\Controllers\Auth::checkIfUserAlreadyExistsByUserName()
#0 /Library/WebServer/Documents/digitaltax/system/CodeIgniter.php(910): App\Controllers\Auth->signup()
#1 /Library/WebServer/Documents/digitaltax/system/CodeIgniter.php(398): CodeIgniter\CodeIgniter->runController(Object(App\Controllers\Auth))
#2 /Library/WebServer/Documents/digitaltax/system/CodeIgniter.php(306): CodeIgniter\CodeIgniter->handleRequest(NULL, Object(Config\Cache), false)
#3 /Library/WebServer/Documents/digitaltax/public/index.php(45): CodeIgniter\CodeIgniter->run()
#4 /Library/WebServer/Documents/digitaltax/system/Commands/Server/rewrite.php(34): require_once('/Library/WebSer...')
#5 {main}
CRITICAL - 2020-04-14 20:12:52 --> Call to undefined method App\Controllers\Auth::checkIfUserAlreadyExistsByUserName()
#0 /Library/WebServer/Documents/digitaltax/system/CodeIgniter.php(910): App\Controllers\Auth->signup()
#1 /Library/WebServer/Documents/digitaltax/system/CodeIgniter.php(398): CodeIgniter\CodeIgniter->runController(Object(App\Controllers\Auth))
#2 /Library/WebServer/Documents/digitaltax/system/CodeIgniter.php(306): CodeIgniter\CodeIgniter->handleRequest(NULL, Object(Config\Cache), false)
#3 /Library/WebServer/Documents/digitaltax/public/index.php(45): CodeIgniter\CodeIgniter->run()
#4 /Library/WebServer/Documents/digitaltax/system/Commands/Server/rewrite.php(34): require_once('/Library/WebSer...')
#5 {main}
CRITICAL - 2020-04-14 20:13:17 --> Call to undefined method App\Controllers\Auth::checkIfUserAlreadyExistsByUserName()
#0 /Library/WebServer/Documents/digitaltax/system/CodeIgniter.php(910): App\Controllers\Auth->signup()
#1 /Library/WebServer/Documents/digitaltax/system/CodeIgniter.php(398): CodeIgniter\CodeIgniter->runController(Object(App\Controllers\Auth))
#2 /Library/WebServer/Documents/digitaltax/system/CodeIgniter.php(306): CodeIgniter\CodeIgniter->handleRequest(NULL, Object(Config\Cache), false)
#3 /Library/WebServer/Documents/digitaltax/public/index.php(45): CodeIgniter\CodeIgniter->run()
#4 /Library/WebServer/Documents/digitaltax/system/Commands/Server/rewrite.php(34): require_once('/Library/WebSer...')
#5 {main}
CRITICAL - 2020-04-14 20:14:52 --> Call to undefined method App\Controllers\Auth::checkIfUserAlreadyExistsByUserName()
#0 /Library/WebServer/Documents/digitaltax/system/CodeIgniter.php(910): App\Controllers\Auth->signup()
#1 /Library/WebServer/Documents/digitaltax/system/CodeIgniter.php(398): CodeIgniter\CodeIgniter->runController(Object(App\Controllers\Auth))
#2 /Library/WebServer/Documents/digitaltax/system/CodeIgniter.php(306): CodeIgniter\CodeIgniter->handleRequest(NULL, Object(Config\Cache), false)
#3 /Library/WebServer/Documents/digitaltax/public/index.php(45): CodeIgniter\CodeIgniter->run()
#4 /Library/WebServer/Documents/digitaltax/system/Commands/Server/rewrite.php(34): require_once('/Library/WebSer...')
#5 {main}
CRITICAL - 2020-04-14 20:15:43 --> Call to undefined method App\Controllers\Auth::checkIfUserAlreadyExistsByUserName()
#0 /Library/WebServer/Documents/digitaltax/system/CodeIgniter.php(910): App\Controllers\Auth->signup()
#1 /Library/WebServer/Documents/digitaltax/system/CodeIgniter.php(398): CodeIgniter\CodeIgniter->runController(Object(App\Controllers\Auth))
#2 /Library/WebServer/Documents/digitaltax/system/CodeIgniter.php(306): CodeIgniter\CodeIgniter->handleRequest(NULL, Object(Config\Cache), false)
#3 /Library/WebServer/Documents/digitaltax/public/index.php(45): CodeIgniter\CodeIgniter->run()
#4 /Library/WebServer/Documents/digitaltax/system/Commands/Server/rewrite.php(34): require_once('/Library/WebSer...')
#5 {main}
CRITICAL - 2020-04-14 20:17:49 --> Call to undefined function App\Controllers\checkIfUserAlreadyExistsByUserName()
#0 /Library/WebServer/Documents/digitaltax/system/CodeIgniter.php(910): App\Controllers\Auth->signup()
#1 /Library/WebServer/Documents/digitaltax/system/CodeIgniter.php(398): CodeIgniter\CodeIgniter->runController(Object(App\Controllers\Auth))
#2 /Library/WebServer/Documents/digitaltax/system/CodeIgniter.php(306): CodeIgniter\CodeIgniter->handleRequest(NULL, Object(Config\Cache), false)
#3 /Library/WebServer/Documents/digitaltax/public/index.php(45): CodeIgniter\CodeIgniter->run()
#4 /Library/WebServer/Documents/digitaltax/system/Commands/Server/rewrite.php(34): require_once('/Library/WebSer...')
#5 {main}
CRITICAL - 2020-04-14 20:22:50 --> Call to undefined function App\Controllers\checkIfUserAlreadyExistsByUserName()
#0 /Library/WebServer/Documents/digitaltax/system/CodeIgniter.php(910): App\Controllers\Auth->signup()
#1 /Library/WebServer/Documents/digitaltax/system/CodeIgniter.php(398): CodeIgniter\CodeIgniter->runController(Object(App\Controllers\Auth))
#2 /Library/WebServer/Documents/digitaltax/system/CodeIgniter.php(306): CodeIgniter\CodeIgniter->handleRequest(NULL, Object(Config\Cache), false)
#3 /Library/WebServer/Documents/digitaltax/public/index.php(45): CodeIgniter\CodeIgniter->run()
#4 /Library/WebServer/Documents/digitaltax/system/Commands/Server/rewrite.php(34): require_once('/Library/WebSer...')
#5 {main}
CRITICAL - 2020-04-14 20:23:37 --> Call to undefined function App\Controllers\checkIfUserAlreadyExistsByUserName()
#0 /Library/WebServer/Documents/digitaltax/system/CodeIgniter.php(910): App\Controllers\Auth->signup()
#1 /Library/WebServer/Documents/digitaltax/system/CodeIgniter.php(398): CodeIgniter\CodeIgniter->runController(Object(App\Controllers\Auth))
#2 /Library/WebServer/Documents/digitaltax/system/CodeIgniter.php(306): CodeIgniter\CodeIgniter->handleRequest(NULL, Object(Config\Cache), false)
#3 /Library/WebServer/Documents/digitaltax/public/index.php(45): CodeIgniter\CodeIgniter->run()
#4 /Library/WebServer/Documents/digitaltax/system/Commands/Server/rewrite.php(34): require_once('/Library/WebSer...')
#5 {main}
CRITICAL - 2020-04-14 20:24:01 --> Call to undefined function App\Controllers\checkIfUserAlreadyExistsByUserName()
#0 /Library/WebServer/Documents/digitaltax/system/CodeIgniter.php(910): App\Controllers\Auth->signup()
#1 /Library/WebServer/Documents/digitaltax/system/CodeIgniter.php(398): CodeIgniter\CodeIgniter->runController(Object(App\Controllers\Auth))
#2 /Library/WebServer/Documents/digitaltax/system/CodeIgniter.php(306): CodeIgniter\CodeIgniter->handleRequest(NULL, Object(Config\Cache), false)
#3 /Library/WebServer/Documents/digitaltax/public/index.php(45): CodeIgniter\CodeIgniter->run()
#4 /Library/WebServer/Documents/digitaltax/system/Commands/Server/rewrite.php(34): require_once('/Library/WebSer...')
#5 {main}
CRITICAL - 2020-04-14 20:25:57 --> Call to undefined function App\Controllers\checkIfUserAlreadyExistsByUserName()
#0 /Library/WebServer/Documents/digitaltax/system/CodeIgniter.php(910): App\Controllers\Auth->signup()
#1 /Library/WebServer/Documents/digitaltax/system/CodeIgniter.php(398): CodeIgniter\CodeIgniter->runController(Object(App\Controllers\Auth))
#2 /Library/WebServer/Documents/digitaltax/system/CodeIgniter.php(306): CodeIgniter\CodeIgniter->handleRequest(NULL, Object(Config\Cache), false)
#3 /Library/WebServer/Documents/digitaltax/public/index.php(45): CodeIgniter\CodeIgniter->run()
#4 /Library/WebServer/Documents/digitaltax/system/Commands/Server/rewrite.php(34): require_once('/Library/WebSer...')
#5 {main}
CRITICAL - 2020-04-14 20:26:42 --> Call to undefined method App\Controllers\Auth::checkIfUserAlreadyExistsByUserName()
#0 /Library/WebServer/Documents/digitaltax/system/CodeIgniter.php(910): App\Controllers\Auth->signup()
#1 /Library/WebServer/Documents/digitaltax/system/CodeIgniter.php(398): CodeIgniter\CodeIgniter->runController(Object(App\Controllers\Auth))
#2 /Library/WebServer/Documents/digitaltax/system/CodeIgniter.php(306): CodeIgniter\CodeIgniter->handleRequest(NULL, Object(Config\Cache), false)
#3 /Library/WebServer/Documents/digitaltax/public/index.php(45): CodeIgniter\CodeIgniter->run()
#4 /Library/WebServer/Documents/digitaltax/system/Commands/Server/rewrite.php(34): require_once('/Library/WebSer...')
#5 {main}
CRITICAL - 2020-04-14 20:26:44 --> Call to undefined method App\Controllers\Auth::checkIfUserAlreadyExistsByUserName()
#0 /Library/WebServer/Documents/digitaltax/system/CodeIgniter.php(910): App\Controllers\Auth->signup()
#1 /Library/WebServer/Documents/digitaltax/system/CodeIgniter.php(398): CodeIgniter\CodeIgniter->runController(Object(App\Controllers\Auth))
#2 /Library/WebServer/Documents/digitaltax/system/CodeIgniter.php(306): CodeIgniter\CodeIgniter->handleRequest(NULL, Object(Config\Cache), false)
#3 /Library/WebServer/Documents/digitaltax/public/index.php(45): CodeIgniter\CodeIgniter->run()
#4 /Library/WebServer/Documents/digitaltax/system/Commands/Server/rewrite.php(34): require_once('/Library/WebSer...')
#5 {main}
CRITICAL - 2020-04-14 20:26:45 --> Call to undefined method App\Controllers\Auth::checkIfUserAlreadyExistsByUserName()
#0 /Library/WebServer/Documents/digitaltax/system/CodeIgniter.php(910): App\Controllers\Auth->signup()
#1 /Library/WebServer/Documents/digitaltax/system/CodeIgniter.php(398): CodeIgniter\CodeIgniter->runController(Object(App\Controllers\Auth))
#2 /Library/WebServer/Documents/digitaltax/system/CodeIgniter.php(306): CodeIgniter\CodeIgniter->handleRequest(NULL, Object(Config\Cache), false)
#3 /Library/WebServer/Documents/digitaltax/public/index.php(45): CodeIgniter\CodeIgniter->run()
#4 /Library/WebServer/Documents/digitaltax/system/Commands/Server/rewrite.php(34): require_once('/Library/WebSer...')
#5 {main}
CRITICAL - 2020-04-14 20:26:45 --> Call to undefined method App\Controllers\Auth::checkIfUserAlreadyExistsByUserName()
#0 /Library/WebServer/Documents/digitaltax/system/CodeIgniter.php(910): App\Controllers\Auth->signup()
#1 /Library/WebServer/Documents/digitaltax/system/CodeIgniter.php(398): CodeIgniter\CodeIgniter->runController(Object(App\Controllers\Auth))
#2 /Library/WebServer/Documents/digitaltax/system/CodeIgniter.php(306): CodeIgniter\CodeIgniter->handleRequest(NULL, Object(Config\Cache), false)
#3 /Library/WebServer/Documents/digitaltax/public/index.php(45): CodeIgniter\CodeIgniter->run()
#4 /Library/WebServer/Documents/digitaltax/system/Commands/Server/rewrite.php(34): require_once('/Library/WebSer...')
#5 {main}
CRITICAL - 2020-04-14 20:28:39 --> Call to undefined method App\Controllers\Auth::checkIfUserAlreadyExistsByUserName()
#0 /Library/WebServer/Documents/digitaltax/system/CodeIgniter.php(910): App\Controllers\Auth->signup()
#1 /Library/WebServer/Documents/digitaltax/system/CodeIgniter.php(398): CodeIgniter\CodeIgniter->runController(Object(App\Controllers\Auth))
#2 /Library/WebServer/Documents/digitaltax/system/CodeIgniter.php(306): CodeIgniter\CodeIgniter->handleRequest(NULL, Object(Config\Cache), false)
#3 /Library/WebServer/Documents/digitaltax/public/index.php(45): CodeIgniter\CodeIgniter->run()
#4 /Library/WebServer/Documents/digitaltax/system/Commands/Server/rewrite.php(34): require_once('/Library/WebSer...')
#5 {main}
CRITICAL - 2020-04-14 20:28:40 --> Call to undefined method App\Controllers\Auth::checkIfUserAlreadyExistsByUserName()
#0 /Library/WebServer/Documents/digitaltax/system/CodeIgniter.php(910): App\Controllers\Auth->signup()
#1 /Library/WebServer/Documents/digitaltax/system/CodeIgniter.php(398): CodeIgniter\CodeIgniter->runController(Object(App\Controllers\Auth))
#2 /Library/WebServer/Documents/digitaltax/system/CodeIgniter.php(306): CodeIgniter\CodeIgniter->handleRequest(NULL, Object(Config\Cache), false)
#3 /Library/WebServer/Documents/digitaltax/public/index.php(45): CodeIgniter\CodeIgniter->run()
#4 /Library/WebServer/Documents/digitaltax/system/Commands/Server/rewrite.php(34): require_once('/Library/WebSer...')
#5 {main}
CRITICAL - 2020-04-14 20:28:40 --> Call to undefined method App\Controllers\Auth::checkIfUserAlreadyExistsByUserName()
#0 /Library/WebServer/Documents/digitaltax/system/CodeIgniter.php(910): App\Controllers\Auth->signup()
#1 /Library/WebServer/Documents/digitaltax/system/CodeIgniter.php(398): CodeIgniter\CodeIgniter->runController(Object(App\Controllers\Auth))
#2 /Library/WebServer/Documents/digitaltax/system/CodeIgniter.php(306): CodeIgniter\CodeIgniter->handleRequest(NULL, Object(Config\Cache), false)
#3 /Library/WebServer/Documents/digitaltax/public/index.php(45): CodeIgniter\CodeIgniter->run()
#4 /Library/WebServer/Documents/digitaltax/system/Commands/Server/rewrite.php(34): require_once('/Library/WebSer...')
#5 {main}
CRITICAL - 2020-04-14 20:32:06 --> Call to undefined method App\Controllers\Auth::checkIfUserAlreadyExistsByUserName()
#0 /Library/WebServer/Documents/digitaltax/system/CodeIgniter.php(910): App\Controllers\Auth->signup()
#1 /Library/WebServer/Documents/digitaltax/system/CodeIgniter.php(398): CodeIgniter\CodeIgniter->runController(Object(App\Controllers\Auth))
#2 /Library/WebServer/Documents/digitaltax/system/CodeIgniter.php(306): CodeIgniter\CodeIgniter->handleRequest(NULL, Object(Config\Cache), false)
#3 /Library/WebServer/Documents/digitaltax/public/index.php(45): CodeIgniter\CodeIgniter->run()
#4 /Library/WebServer/Documents/digitaltax/system/Commands/Server/rewrite.php(34): require_once('/Library/WebSer...')
#5 {main}
CRITICAL - 2020-04-14 20:32:07 --> Call to undefined method App\Controllers\Auth::checkIfUserAlreadyExistsByUserName()
#0 /Library/WebServer/Documents/digitaltax/system/CodeIgniter.php(910): App\Controllers\Auth->signup()
#1 /Library/WebServer/Documents/digitaltax/system/CodeIgniter.php(398): CodeIgniter\CodeIgniter->runController(Object(App\Controllers\Auth))
#2 /Library/WebServer/Documents/digitaltax/system/CodeIgniter.php(306): CodeIgniter\CodeIgniter->handleRequest(NULL, Object(Config\Cache), false)
#3 /Library/WebServer/Documents/digitaltax/public/index.php(45): CodeIgniter\CodeIgniter->run()
#4 /Library/WebServer/Documents/digitaltax/system/Commands/Server/rewrite.php(34): require_once('/Library/WebSer...')
#5 {main}
CRITICAL - 2020-04-14 20:32:08 --> Call to undefined method App\Controllers\Auth::checkIfUserAlreadyExistsByUserName()
#0 /Library/WebServer/Documents/digitaltax/system/CodeIgniter.php(910): App\Controllers\Auth->signup()
#1 /Library/WebServer/Documents/digitaltax/system/CodeIgniter.php(398): CodeIgniter\CodeIgniter->runController(Object(App\Controllers\Auth))
#2 /Library/WebServer/Documents/digitaltax/system/CodeIgniter.php(306): CodeIgniter\CodeIgniter->handleRequest(NULL, Object(Config\Cache), false)
#3 /Library/WebServer/Documents/digitaltax/public/index.php(45): CodeIgniter\CodeIgniter->run()
#4 /Library/WebServer/Documents/digitaltax/system/Commands/Server/rewrite.php(34): require_once('/Library/WebSer...')
#5 {main}
CRITICAL - 2020-04-14 20:32:08 --> Call to undefined method App\Controllers\Auth::checkIfUserAlreadyExistsByUserName()
#0 /Library/WebServer/Documents/digitaltax/system/CodeIgniter.php(910): App\Controllers\Auth->signup()
#1 /Library/WebServer/Documents/digitaltax/system/CodeIgniter.php(398): CodeIgniter\CodeIgniter->runController(Object(App\Controllers\Auth))
#2 /Library/WebServer/Documents/digitaltax/system/CodeIgniter.php(306): CodeIgniter\CodeIgniter->handleRequest(NULL, Object(Config\Cache), false)
#3 /Library/WebServer/Documents/digitaltax/public/index.php(45): CodeIgniter\CodeIgniter->run()
#4 /Library/WebServer/Documents/digitaltax/system/Commands/Server/rewrite.php(34): require_once('/Library/WebSer...')
#5 {main}
CRITICAL - 2020-04-14 20:34:32 --> Call to undefined method App\Controllers\Auth::checkIfUserAlreadyExistsByUserName()
#0 /Library/WebServer/Documents/digitaltax/system/CodeIgniter.php(910): App\Controllers\Auth->signup()
#1 /Library/WebServer/Documents/digitaltax/system/CodeIgniter.php(398): CodeIgniter\CodeIgniter->runController(Object(App\Controllers\Auth))
#2 /Library/WebServer/Documents/digitaltax/system/CodeIgniter.php(306): CodeIgniter\CodeIgniter->handleRequest(NULL, Object(Config\Cache), false)
#3 /Library/WebServer/Documents/digitaltax/public/index.php(45): CodeIgniter\CodeIgniter->run()
#4 /Library/WebServer/Documents/digitaltax/system/Commands/Server/rewrite.php(34): require_once('/Library/WebSer...')
#5 {main}
CRITICAL - 2020-04-14 20:35:11 --> Call to undefined method App\Controllers\Auth::checkIfUserAlreadyExistsByUserName()
#0 /Library/WebServer/Documents/digitaltax/system/CodeIgniter.php(910): App\Controllers\Auth->signup()
#1 /Library/WebServer/Documents/digitaltax/system/CodeIgniter.php(398): CodeIgniter\CodeIgniter->runController(Object(App\Controllers\Auth))
#2 /Library/WebServer/Documents/digitaltax/system/CodeIgniter.php(306): CodeIgniter\CodeIgniter->handleRequest(NULL, Object(Config\Cache), false)
#3 /Library/WebServer/Documents/digitaltax/public/index.php(45): CodeIgniter\CodeIgniter->run()
#4 /Library/WebServer/Documents/digitaltax/system/Commands/Server/rewrite.php(34): require_once('/Library/WebSer...')
#5 {main}
CRITICAL - 2020-04-14 20:35:13 --> Call to undefined method App\Controllers\Auth::checkIfUserAlreadyExistsByUserName()
#0 /Library/WebServer/Documents/digitaltax/system/CodeIgniter.php(910): App\Controllers\Auth->signup()
#1 /Library/WebServer/Documents/digitaltax/system/CodeIgniter.php(398): CodeIgniter\CodeIgniter->runController(Object(App\Controllers\Auth))
#2 /Library/WebServer/Documents/digitaltax/system/CodeIgniter.php(306): CodeIgniter\CodeIgniter->handleRequest(NULL, Object(Config\Cache), false)
#3 /Library/WebServer/Documents/digitaltax/public/index.php(45): CodeIgniter\CodeIgniter->run()
#4 /Library/WebServer/Documents/digitaltax/system/Commands/Server/rewrite.php(34): require_once('/Library/WebSer...')
#5 {main}
CRITICAL - 2020-04-14 20:35:13 --> Call to undefined method App\Controllers\Auth::checkIfUserAlreadyExistsByUserName()
#0 /Library/WebServer/Documents/digitaltax/system/CodeIgniter.php(910): App\Controllers\Auth->signup()
#1 /Library/WebServer/Documents/digitaltax/system/CodeIgniter.php(398): CodeIgniter\CodeIgniter->runController(Object(App\Controllers\Auth))
#2 /Library/WebServer/Documents/digitaltax/system/CodeIgniter.php(306): CodeIgniter\CodeIgniter->handleRequest(NULL, Object(Config\Cache), false)
#3 /Library/WebServer/Documents/digitaltax/public/index.php(45): CodeIgniter\CodeIgniter->run()
#4 /Library/WebServer/Documents/digitaltax/system/Commands/Server/rewrite.php(34): require_once('/Library/WebSer...')
#5 {main}
CRITICAL - 2020-04-14 20:35:16 --> Call to undefined method App\Controllers\Auth::checkIfUserAlreadyExistsByUserName()
#0 /Library/WebServer/Documents/digitaltax/system/CodeIgniter.php(910): App\Controllers\Auth->signup()
#1 /Library/WebServer/Documents/digitaltax/system/CodeIgniter.php(398): CodeIgniter\CodeIgniter->runController(Object(App\Controllers\Auth))
#2 /Library/WebServer/Documents/digitaltax/system/CodeIgniter.php(306): CodeIgniter\CodeIgniter->handleRequest(NULL, Object(Config\Cache), false)
#3 /Library/WebServer/Documents/digitaltax/public/index.php(45): CodeIgniter\CodeIgniter->run()
#4 /Library/WebServer/Documents/digitaltax/system/Commands/Server/rewrite.php(34): require_once('/Library/WebSer...')
#5 {main}
CRITICAL - 2020-04-14 20:35:18 --> Call to undefined method App\Controllers\Auth::checkIfUserAlreadyExistsByUserName()
#0 /Library/WebServer/Documents/digitaltax/system/CodeIgniter.php(910): App\Controllers\Auth->signup()
#1 /Library/WebServer/Documents/digitaltax/system/CodeIgniter.php(398): CodeIgniter\CodeIgniter->runController(Object(App\Controllers\Auth))
#2 /Library/WebServer/Documents/digitaltax/system/CodeIgniter.php(306): CodeIgniter\CodeIgniter->handleRequest(NULL, Object(Config\Cache), false)
#3 /Library/WebServer/Documents/digitaltax/public/index.php(45): CodeIgniter\CodeIgniter->run()
#4 /Library/WebServer/Documents/digitaltax/system/Commands/Server/rewrite.php(34): require_once('/Library/WebSer...')
#5 {main}
CRITICAL - 2020-04-14 20:36:23 --> Call to undefined method App\Controllers\Auth::checkIfUserAlreadyExistsByUserName()
#0 /Library/WebServer/Documents/digitaltax/system/CodeIgniter.php(910): App\Controllers\Auth->signup()
#1 /Library/WebServer/Documents/digitaltax/system/CodeIgniter.php(398): CodeIgniter\CodeIgniter->runController(Object(App\Controllers\Auth))
#2 /Library/WebServer/Documents/digitaltax/system/CodeIgniter.php(306): CodeIgniter\CodeIgniter->handleRequest(NULL, Object(Config\Cache), false)
#3 /Library/WebServer/Documents/digitaltax/public/index.php(45): CodeIgniter\CodeIgniter->run()
#4 /Library/WebServer/Documents/digitaltax/system/Commands/Server/rewrite.php(34): require_once('/Library/WebSer...')
#5 {main}
CRITICAL - 2020-04-14 20:38:48 --> Call to undefined method App\Controllers\Auth::checkIfUserAlreadyExistsByUserName()
#0 /Library/WebServer/Documents/digitaltax/system/CodeIgniter.php(910): App\Controllers\Auth->signup()
#1 /Library/WebServer/Documents/digitaltax/system/CodeIgniter.php(398): CodeIgniter\CodeIgniter->runController(Object(App\Controllers\Auth))
#2 /Library/WebServer/Documents/digitaltax/system/CodeIgniter.php(306): CodeIgniter\CodeIgniter->handleRequest(NULL, Object(Config\Cache), false)
#3 /Library/WebServer/Documents/digitaltax/public/index.php(45): CodeIgniter\CodeIgniter->run()
#4 /Library/WebServer/Documents/digitaltax/system/Commands/Server/rewrite.php(34): require_once('/Library/WebSer...')
#5 {main}
CRITICAL - 2020-04-14 20:40:11 --> You must set the database table to be used with your query.
#0 /Library/WebServer/Documents/digitaltax/system/Model.php(1190): CodeIgniter\Database\BaseConnection->table(NULL)
#1 /Library/WebServer/Documents/digitaltax/system/Model.php(1648): CodeIgniter\Model->builder()
#2 /Library/WebServer/Documents/digitaltax/app/Models/Authentication/AuthenticationModel.php(22): CodeIgniter\Model->__get('load')
#3 /Library/WebServer/Documents/digitaltax/app/Models/Authentication/AuthenticationModel.php(217): App\Models\Authentication\AuthenticationModel->init()
#4 /Library/WebServer/Documents/digitaltax/app/Controllers/Auth.php(146): App\Models\Authentication\AuthenticationModel->checkIfUserAlreadyExistsByUserName('confetti.tech15...', 1)
#5 /Library/WebServer/Documents/digitaltax/app/Controllers/Auth.php(115): App\Controllers\Auth->checkIfUserAlreadyExistsByEmail('confetti.tech15...', 1)
#6 /Library/WebServer/Documents/digitaltax/system/CodeIgniter.php(910): App\Controllers\Auth->signup()
#7 /Library/WebServer/Documents/digitaltax/system/CodeIgniter.php(398): CodeIgniter\CodeIgniter->runController(Object(App\Controllers\Auth))
#8 /Library/WebServer/Documents/digitaltax/system/CodeIgniter.php(306): CodeIgniter\CodeIgniter->handleRequest(NULL, Object(Config\Cache), false)
#9 /Library/WebServer/Documents/digitaltax/public/index.php(45): CodeIgniter\CodeIgniter->run()
#10 /Library/WebServer/Documents/digitaltax/system/Commands/Server/rewrite.php(34): require_once('/Library/WebSer...')
#11 {main}
CRITICAL - 2020-04-14 20:43:03 --> No such file or directory
#0 /Library/WebServer/Documents/digitaltax/system/Database/BaseConnection.php(377): CodeIgniter\Database\MySQLi\Connection->connect(false)
#1 /Library/WebServer/Documents/digitaltax/system/Database/BaseConnection.php(643): CodeIgniter\Database\BaseConnection->initialize()
#2 /Library/WebServer/Documents/digitaltax/app/Models/Authentication/AuthenticationModel.php(220): CodeIgniter\Database\BaseConnection->query('SELECT * FROM u...')
#3 /Library/WebServer/Documents/digitaltax/app/Controllers/Auth.php(146): App\Models\Authentication\AuthenticationModel->checkIfUserAlreadyExistsByUserName('confetti.tech15...', 1)
#4 /Library/WebServer/Documents/digitaltax/app/Controllers/Auth.php(115): App\Controllers\Auth->checkIfUserAlreadyExistsByEmail('confetti.tech15...', 1)
#5 /Library/WebServer/Documents/digitaltax/system/CodeIgniter.php(910): App\Controllers\Auth->signup()
#6 /Library/WebServer/Documents/digitaltax/system/CodeIgniter.php(398): CodeIgniter\CodeIgniter->runController(Object(App\Controllers\Auth))
#7 /Library/WebServer/Documents/digitaltax/system/CodeIgniter.php(306): CodeIgniter\CodeIgniter->handleRequest(NULL, Object(Config\Cache), false)
#8 /Library/WebServer/Documents/digitaltax/public/index.php(45): CodeIgniter\CodeIgniter->run()
#9 /Library/WebServer/Documents/digitaltax/system/Commands/Server/rewrite.php(34): require_once('/Library/WebSer...')
#10 {main}
CRITICAL - 2020-04-14 20:45:09 --> No such file or directory
#0 /Library/WebServer/Documents/digitaltax/system/Database/BaseConnection.php(377): CodeIgniter\Database\MySQLi\Connection->connect(false)
#1 /Library/WebServer/Documents/digitaltax/system/Database/BaseConnection.php(643): CodeIgniter\Database\BaseConnection->initialize()
#2 /Library/WebServer/Documents/digitaltax/app/Models/Authentication/AuthenticationModel.php(220): CodeIgniter\Database\BaseConnection->query('SELECT * FROM u...')
#3 /Library/WebServer/Documents/digitaltax/app/Controllers/Auth.php(146): App\Models\Authentication\AuthenticationModel->checkIfUserAlreadyExistsByUserName('confetti.tech15...', 1)
#4 /Library/WebServer/Documents/digitaltax/app/Controllers/Auth.php(115): App\Controllers\Auth->checkIfUserAlreadyExistsByEmail('confetti.tech15...', 1)
#5 /Library/WebServer/Documents/digitaltax/system/CodeIgniter.php(910): App\Controllers\Auth->signup()
#6 /Library/WebServer/Documents/digitaltax/system/CodeIgniter.php(398): CodeIgniter\CodeIgniter->runController(Object(App\Controllers\Auth))
#7 /Library/WebServer/Documents/digitaltax/system/CodeIgniter.php(306): CodeIgniter\CodeIgniter->handleRequest(NULL, Object(Config\Cache), false)
#8 /Library/WebServer/Documents/digitaltax/public/index.php(45): CodeIgniter\CodeIgniter->run()
#9 /Library/WebServer/Documents/digitaltax/system/Commands/Server/rewrite.php(34): require_once('/Library/WebSer...')
#10 {main}
CRITICAL - 2020-04-14 20:47:45 --> No such file or directory
#0 /Library/WebServer/Documents/digitaltax/system/Database/BaseConnection.php(377): CodeIgniter\Database\MySQLi\Connection->connect(false)
#1 /Library/WebServer/Documents/digitaltax/system/Database/BaseConnection.php(643): CodeIgniter\Database\BaseConnection->initialize()
#2 /Library/WebServer/Documents/digitaltax/app/Models/Authentication/AuthenticationModel.php(218): CodeIgniter\Database\BaseConnection->query('SELECT * FROM u...')
#3 /Library/WebServer/Documents/digitaltax/app/Controllers/Auth.php(146): App\Models\Authentication\AuthenticationModel->checkIfUserAlreadyExistsByUserName('confetti.tech15...', 1)
#4 /Library/WebServer/Documents/digitaltax/app/Controllers/Auth.php(115): App\Controllers\Auth->checkIfUserAlreadyExistsByEmail('confetti.tech15...', 1)
#5 /Library/WebServer/Documents/digitaltax/system/CodeIgniter.php(910): App\Controllers\Auth->signup()
#6 /Library/WebServer/Documents/digitaltax/system/CodeIgniter.php(398): CodeIgniter\CodeIgniter->runController(Object(App\Controllers\Auth))
#7 /Library/WebServer/Documents/digitaltax/system/CodeIgniter.php(306): CodeIgniter\CodeIgniter->handleRequest(NULL, Object(Config\Cache), false)
#8 /Library/WebServer/Documents/digitaltax/public/index.php(45): CodeIgniter\CodeIgniter->run()
#9 /Library/WebServer/Documents/digitaltax/system/Commands/Server/rewrite.php(34): require_once('/Library/WebSer...')
#10 {main}
CRITICAL - 2020-04-14 20:49:27 --> Unknown column 'active' in 'where clause'
#0 /Library/WebServer/Documents/digitaltax/system/Database/mysqli/Connection.php(330): mysqli->query('SELECT * FROM u...')
#1 /Library/WebServer/Documents/digitaltax/system/Database/BaseConnection.php(738): CodeIgniter\Database\MySQLi\Connection->execute('SELECT * FROM u...')
#2 /Library/WebServer/Documents/digitaltax/system/Database/BaseConnection.php(666): CodeIgniter\Database\BaseConnection->simpleQuery('SELECT * FROM u...')
#3 /Library/WebServer/Documents/digitaltax/app/Models/Authentication/AuthenticationModel.php(218): CodeIgniter\Database\BaseConnection->query('SELECT * FROM u...')
#4 /Library/WebServer/Documents/digitaltax/app/Controllers/Auth.php(146): App\Models\Authentication\AuthenticationModel->checkIfUserAlreadyExistsByUserName('confetti.tech15...', 1)
#5 /Library/WebServer/Documents/digitaltax/app/Controllers/Auth.php(115): App\Controllers\Auth->checkIfUserAlreadyExistsByEmail('confetti.tech15...', 1)
#6 /Library/WebServer/Documents/digitaltax/system/CodeIgniter.php(910): App\Controllers\Auth->signup()
#7 /Library/WebServer/Documents/digitaltax/system/CodeIgniter.php(398): CodeIgniter\CodeIgniter->runController(Object(App\Controllers\Auth))
#8 /Library/WebServer/Documents/digitaltax/system/CodeIgniter.php(306): CodeIgniter\CodeIgniter->handleRequest(NULL, Object(Config\Cache), false)
#9 /Library/WebServer/Documents/digitaltax/public/index.php(45): CodeIgniter\CodeIgniter->run()
#10 /Library/WebServer/Documents/digitaltax/system/Commands/Server/rewrite.php(34): require_once('/Library/WebSer...')
#11 {main}
