CRITICAL - 2020-04-26 15:35:02 --> Illegal string offset 'auth'
#0 /Library/WebServer/Documents/digitaltax/app/Controllers/User.php(34): CodeIgniter\Debug\Exceptions->errorHandler(2, 'Illegal string ...', '/Library/WebSer...', 34, Array)
#1 /Library/WebServer/Documents/digitaltax/system/CodeIgniter.php(910): App\Controllers\User->updateProfile()
#2 /Library/WebServer/Documents/digitaltax/system/CodeIgniter.php(398): CodeIgniter\CodeIgniter->runController(Object(App\Controllers\User))
#3 /Library/WebServer/Documents/digitaltax/system/CodeIgniter.php(306): CodeIgniter\CodeIgniter->handleRequest(NULL, Object(Config\Cache), false)
#4 /Library/WebServer/Documents/digitaltax/public/index.php(45): CodeIgniter\CodeIgniter->run()
#5 /Library/WebServer/Documents/digitaltax/system/Commands/Server/rewrite.php(34): require_once('/Library/WebSer...')
#6 {main}
CRITICAL - 2020-04-26 15:35:55 --> Unknown column 'created' in 'where clause'
#0 /Library/WebServer/Documents/digitaltax/system/Database/mysqli/Connection.php(330): mysqli->query('SELECT * FROM `...')
#1 /Library/WebServer/Documents/digitaltax/system/Database/BaseConnection.php(738): CodeIgniter\Database\MySQLi\Connection->execute('SELECT * FROM `...')
#2 /Library/WebServer/Documents/digitaltax/system/Database/BaseConnection.php(666): CodeIgniter\Database\BaseConnection->simpleQuery('SELECT * FROM `...')
#3 /Library/WebServer/Documents/digitaltax/app/Models/Authentication/AuthenticationModel.php(196): CodeIgniter\Database\BaseConnection->query('SELECT * FROM `...')
#4 /Library/WebServer/Documents/digitaltax/app/Helpers/auth_helper.php(26): App\Models\Authentication\AuthenticationModel->checkSessionValidOnAccessToken('0a4b82e8fb0a81c...', '1')
#5 /Library/WebServer/Documents/digitaltax/app/Controllers/User.php(36): checkSessionValidOnAccessToken('0a4b82e8fb0a81c...', '1')
#6 /Library/WebServer/Documents/digitaltax/system/CodeIgniter.php(910): App\Controllers\User->updateProfile()
#7 /Library/WebServer/Documents/digitaltax/system/CodeIgniter.php(398): CodeIgniter\CodeIgniter->runController(Object(App\Controllers\User))
#8 /Library/WebServer/Documents/digitaltax/system/CodeIgniter.php(306): CodeIgniter\CodeIgniter->handleRequest(NULL, Object(Config\Cache), false)
#9 /Library/WebServer/Documents/digitaltax/public/index.php(45): CodeIgniter\CodeIgniter->run()
#10 /Library/WebServer/Documents/digitaltax/system/Commands/Server/rewrite.php(34): require_once('/Library/WebSer...')
#11 {main}
CRITICAL - 2020-04-26 15:37:29 --> Undefined variable: appUpdateDataResponse
#0 /Library/WebServer/Documents/digitaltax/app/Controllers/User.php(40): CodeIgniter\Debug\Exceptions->errorHandler(8, 'Undefined varia...', '/Library/WebSer...', 40, Array)
#1 /Library/WebServer/Documents/digitaltax/system/CodeIgniter.php(910): App\Controllers\User->updateProfile()
#2 /Library/WebServer/Documents/digitaltax/system/CodeIgniter.php(398): CodeIgniter\CodeIgniter->runController(Object(App\Controllers\User))
#3 /Library/WebServer/Documents/digitaltax/system/CodeIgniter.php(306): CodeIgniter\CodeIgniter->handleRequest(NULL, Object(Config\Cache), false)
#4 /Library/WebServer/Documents/digitaltax/public/index.php(45): CodeIgniter\CodeIgniter->run()
#5 /Library/WebServer/Documents/digitaltax/system/Commands/Server/rewrite.php(34): require_once('/Library/WebSer...')
#6 {main}
CRITICAL - 2020-04-26 15:57:56 --> Cannot use [] for reading
#0 /Library/WebServer/Documents/digitaltax/system/Model.php(1619): App\Models\User\UserModel->getUpdatedData(Array)
#1 /Library/WebServer/Documents/digitaltax/system/Model.php(853): CodeIgniter\Model->trigger('afterUpdate', Array)
#2 /Library/WebServer/Documents/digitaltax/system/Model.php(546): CodeIgniter\Model->update(Array, Array)
#3 /Library/WebServer/Documents/digitaltax/app/Controllers/User.php(36): CodeIgniter\Model->save(Array)
#4 /Library/WebServer/Documents/digitaltax/system/CodeIgniter.php(910): App\Controllers\User->updateProfile()
#5 /Library/WebServer/Documents/digitaltax/system/CodeIgniter.php(398): CodeIgniter\CodeIgniter->runController(Object(App\Controllers\User))
#6 /Library/WebServer/Documents/digitaltax/system/CodeIgniter.php(306): CodeIgniter\CodeIgniter->handleRequest(NULL, Object(Config\Cache), false)
#7 /Library/WebServer/Documents/digitaltax/public/index.php(45): CodeIgniter\CodeIgniter->run()
#8 /Library/WebServer/Documents/digitaltax/system/Commands/Server/rewrite.php(34): require_once('/Library/WebSer...')
#9 {main}
CRITICAL - 2020-04-26 16:22:10 --> Array to string conversion
#0 /Library/WebServer/Documents/digitaltax/app/Models/User/UserModel.php(60): CodeIgniter\Debug\Exceptions->errorHandler(8, 'Array to string...', '/Library/WebSer...', 60, Array)
#1 /Library/WebServer/Documents/digitaltax/system/Model.php(1619): App\Models\User\UserModel->getUpdatedData(Array)
#2 /Library/WebServer/Documents/digitaltax/system/Model.php(853): CodeIgniter\Model->trigger('afterUpdate', Array)
#3 /Library/WebServer/Documents/digitaltax/system/Model.php(546): CodeIgniter\Model->update(Array, Array)
#4 /Library/WebServer/Documents/digitaltax/app/Controllers/User.php(35): CodeIgniter\Model->save(Array)
#5 /Library/WebServer/Documents/digitaltax/system/CodeIgniter.php(910): App\Controllers\User->updateProfile()
#6 /Library/WebServer/Documents/digitaltax/system/CodeIgniter.php(398): CodeIgniter\CodeIgniter->runController(Object(App\Controllers\User))
#7 /Library/WebServer/Documents/digitaltax/system/CodeIgniter.php(306): CodeIgniter\CodeIgniter->handleRequest(NULL, Object(Config\Cache), false)
#8 /Library/WebServer/Documents/digitaltax/public/index.php(45): CodeIgniter\CodeIgniter->run()
#9 /Library/WebServer/Documents/digitaltax/system/Commands/Server/rewrite.php(34): require_once('/Library/WebSer...')
#10 {main}
CRITICAL - 2020-04-26 16:37:10 --> {0} is not a valid Model Event callback.
#0 /Library/WebServer/Documents/digitaltax/system/Model.php(1616): CodeIgniter\Database\Exceptions\DataException::forInvalidMethodTriggered('getInsertedId')
#1 /Library/WebServer/Documents/digitaltax/system/Model.php(731): CodeIgniter\Model->trigger('afterInsert', Array)
#2 /Library/WebServer/Documents/digitaltax/app/Controllers/User.php(38): CodeIgniter\Model->insert(Array)
#3 /Library/WebServer/Documents/digitaltax/system/CodeIgniter.php(910): App\Controllers\User->updateProfile()
#4 /Library/WebServer/Documents/digitaltax/system/CodeIgniter.php(398): CodeIgniter\CodeIgniter->runController(Object(App\Controllers\User))
#5 /Library/WebServer/Documents/digitaltax/system/CodeIgniter.php(306): CodeIgniter\CodeIgniter->handleRequest(NULL, Object(Config\Cache), false)
#6 /Library/WebServer/Documents/digitaltax/public/index.php(45): CodeIgniter\CodeIgniter->run()
#7 /Library/WebServer/Documents/digitaltax/system/Commands/Server/rewrite.php(34): require_once('/Library/WebSer...')
#8 {main}
CRITICAL - 2020-04-26 16:39:29 --> {0} is not a valid Model Event callback.
#0 /Library/WebServer/Documents/digitaltax/system/Model.php(1616): CodeIgniter\Database\Exceptions\DataException::forInvalidMethodTriggered('getInsertedId')
#1 /Library/WebServer/Documents/digitaltax/system/Model.php(731): CodeIgniter\Model->trigger('afterInsert', Array)
#2 /Library/WebServer/Documents/digitaltax/app/Controllers/User.php(38): CodeIgniter\Model->insert(Array)
#3 /Library/WebServer/Documents/digitaltax/system/CodeIgniter.php(910): App\Controllers\User->updateProfile()
#4 /Library/WebServer/Documents/digitaltax/system/CodeIgniter.php(398): CodeIgniter\CodeIgniter->runController(Object(App\Controllers\User))
#5 /Library/WebServer/Documents/digitaltax/system/CodeIgniter.php(306): CodeIgniter\CodeIgniter->handleRequest(NULL, Object(Config\Cache), false)
#6 /Library/WebServer/Documents/digitaltax/public/index.php(45): CodeIgniter\CodeIgniter->run()
#7 /Library/WebServer/Documents/digitaltax/system/Commands/Server/rewrite.php(34): require_once('/Library/WebSer...')
#8 {main}
CRITICAL - 2020-04-26 16:40:01 --> {0} is not a valid Model Event callback.
#0 /Library/WebServer/Documents/digitaltax/system/Model.php(1616): CodeIgniter\Database\Exceptions\DataException::forInvalidMethodTriggered('getInsertedId')
#1 /Library/WebServer/Documents/digitaltax/system/Model.php(731): CodeIgniter\Model->trigger('afterInsert', Array)
#2 /Library/WebServer/Documents/digitaltax/app/Controllers/User.php(38): CodeIgniter\Model->insert(Array)
#3 /Library/WebServer/Documents/digitaltax/system/CodeIgniter.php(910): App\Controllers\User->updateProfile()
#4 /Library/WebServer/Documents/digitaltax/system/CodeIgniter.php(398): CodeIgniter\CodeIgniter->runController(Object(App\Controllers\User))
#5 /Library/WebServer/Documents/digitaltax/system/CodeIgniter.php(306): CodeIgniter\CodeIgniter->handleRequest(NULL, Object(Config\Cache), false)
#6 /Library/WebServer/Documents/digitaltax/public/index.php(45): CodeIgniter\CodeIgniter->run()
#7 /Library/WebServer/Documents/digitaltax/system/Commands/Server/rewrite.php(34): require_once('/Library/WebSer...')
#8 {main}
CRITICAL - 2020-04-26 16:51:37 --> There is no data to {0}.
#0 /Library/WebServer/Documents/digitaltax/system/Model.php(802): CodeIgniter\Database\Exceptions\DataException::forEmptyDataset('update')
#1 /Library/WebServer/Documents/digitaltax/app/Controllers/User.php(40): CodeIgniter\Model->update(Array)
#2 /Library/WebServer/Documents/digitaltax/system/CodeIgniter.php(910): App\Controllers\User->updateProfile()
#3 /Library/WebServer/Documents/digitaltax/system/CodeIgniter.php(398): CodeIgniter\CodeIgniter->runController(Object(App\Controllers\User))
#4 /Library/WebServer/Documents/digitaltax/system/CodeIgniter.php(306): CodeIgniter\CodeIgniter->handleRequest(NULL, Object(Config\Cache), false)
#5 /Library/WebServer/Documents/digitaltax/public/index.php(45): CodeIgniter\CodeIgniter->run()
#6 /Library/WebServer/Documents/digitaltax/system/Commands/Server/rewrite.php(34): require_once('/Library/WebSer...')
#7 {main}
CRITICAL - 2020-04-26 16:52:26 --> There is no data to {0}.
#0 /Library/WebServer/Documents/digitaltax/system/Model.php(802): CodeIgniter\Database\Exceptions\DataException::forEmptyDataset('update')
#1 /Library/WebServer/Documents/digitaltax/app/Controllers/User.php(40): CodeIgniter\Model->update(Array)
#2 /Library/WebServer/Documents/digitaltax/system/CodeIgniter.php(910): App\Controllers\User->updateProfile()
#3 /Library/WebServer/Documents/digitaltax/system/CodeIgniter.php(398): CodeIgniter\CodeIgniter->runController(Object(App\Controllers\User))
#4 /Library/WebServer/Documents/digitaltax/system/CodeIgniter.php(306): CodeIgniter\CodeIgniter->handleRequest(NULL, Object(Config\Cache), false)
#5 /Library/WebServer/Documents/digitaltax/public/index.php(45): CodeIgniter\CodeIgniter->run()
#6 /Library/WebServer/Documents/digitaltax/system/Commands/Server/rewrite.php(34): require_once('/Library/WebSer...')
#7 {main}
CRITICAL - 2020-04-26 16:53:22 --> There is no data to {0}.
#0 /Library/WebServer/Documents/digitaltax/system/Model.php(802): CodeIgniter\Database\Exceptions\DataException::forEmptyDataset('update')
#1 /Library/WebServer/Documents/digitaltax/app/Controllers/User.php(40): CodeIgniter\Model->update(Array)
#2 /Library/WebServer/Documents/digitaltax/system/CodeIgniter.php(910): App\Controllers\User->updateProfile()
#3 /Library/WebServer/Documents/digitaltax/system/CodeIgniter.php(398): CodeIgniter\CodeIgniter->runController(Object(App\Controllers\User))
#4 /Library/WebServer/Documents/digitaltax/system/CodeIgniter.php(306): CodeIgniter\CodeIgniter->handleRequest(NULL, Object(Config\Cache), false)
#5 /Library/WebServer/Documents/digitaltax/public/index.php(45): CodeIgniter\CodeIgniter->run()
#6 /Library/WebServer/Documents/digitaltax/system/Commands/Server/rewrite.php(34): require_once('/Library/WebSer...')
#7 {main}
CRITICAL - 2020-04-26 16:58:59 --> There is no data to {0}.
#0 /Library/WebServer/Documents/digitaltax/system/Model.php(802): CodeIgniter\Database\Exceptions\DataException::forEmptyDataset('update')
#1 /Library/WebServer/Documents/digitaltax/app/Controllers/User.php(40): CodeIgniter\Model->update(Array)
#2 /Library/WebServer/Documents/digitaltax/system/CodeIgniter.php(910): App\Controllers\User->updateProfile()
#3 /Library/WebServer/Documents/digitaltax/system/CodeIgniter.php(398): CodeIgniter\CodeIgniter->runController(Object(App\Controllers\User))
#4 /Library/WebServer/Documents/digitaltax/system/CodeIgniter.php(306): CodeIgniter\CodeIgniter->handleRequest(NULL, Object(Config\Cache), false)
#5 /Library/WebServer/Documents/digitaltax/public/index.php(45): CodeIgniter\CodeIgniter->run()
#6 /Library/WebServer/Documents/digitaltax/system/Commands/Server/rewrite.php(34): require_once('/Library/WebSer...')
#7 {main}
CRITICAL - 2020-04-26 16:59:10 --> There is no data to {0}.
#0 /Library/WebServer/Documents/digitaltax/system/Model.php(802): CodeIgniter\Database\Exceptions\DataException::forEmptyDataset('update')
#1 /Library/WebServer/Documents/digitaltax/app/Controllers/User.php(40): CodeIgniter\Model->update(Array)
#2 /Library/WebServer/Documents/digitaltax/system/CodeIgniter.php(910): App\Controllers\User->updateProfile()
#3 /Library/WebServer/Documents/digitaltax/system/CodeIgniter.php(398): CodeIgniter\CodeIgniter->runController(Object(App\Controllers\User))
#4 /Library/WebServer/Documents/digitaltax/system/CodeIgniter.php(306): CodeIgniter\CodeIgniter->handleRequest(NULL, Object(Config\Cache), false)
#5 /Library/WebServer/Documents/digitaltax/public/index.php(45): CodeIgniter\CodeIgniter->run()
#6 /Library/WebServer/Documents/digitaltax/system/Commands/Server/rewrite.php(34): require_once('/Library/WebSer...')
#7 {main}
CRITICAL - 2020-04-26 17:00:31 --> There is no data to {0}.
#0 /Library/WebServer/Documents/digitaltax/system/Model.php(802): CodeIgniter\Database\Exceptions\DataException::forEmptyDataset('update')
#1 /Library/WebServer/Documents/digitaltax/app/Controllers/User.php(40): CodeIgniter\Model->update(Array)
#2 /Library/WebServer/Documents/digitaltax/system/CodeIgniter.php(910): App\Controllers\User->updateProfile()
#3 /Library/WebServer/Documents/digitaltax/system/CodeIgniter.php(398): CodeIgniter\CodeIgniter->runController(Object(App\Controllers\User))
#4 /Library/WebServer/Documents/digitaltax/system/CodeIgniter.php(306): CodeIgniter\CodeIgniter->handleRequest(NULL, Object(Config\Cache), false)
#5 /Library/WebServer/Documents/digitaltax/public/index.php(45): CodeIgniter\CodeIgniter->run()
#6 /Library/WebServer/Documents/digitaltax/system/Commands/Server/rewrite.php(34): require_once('/Library/WebSer...')
#7 {main}
CRITICAL - 2020-04-26 17:03:45 --> Undefined index: id
#0 /Library/WebServer/Documents/digitaltax/app/Controllers/User.php(36): CodeIgniter\Debug\Exceptions->errorHandler(8, 'Undefined index...', '/Library/WebSer...', 36, Array)
#1 /Library/WebServer/Documents/digitaltax/system/CodeIgniter.php(910): App\Controllers\User->updateProfile()
#2 /Library/WebServer/Documents/digitaltax/system/CodeIgniter.php(398): CodeIgniter\CodeIgniter->runController(Object(App\Controllers\User))
#3 /Library/WebServer/Documents/digitaltax/system/CodeIgniter.php(306): CodeIgniter\CodeIgniter->handleRequest(NULL, Object(Config\Cache), false)
#4 /Library/WebServer/Documents/digitaltax/public/index.php(45): CodeIgniter\CodeIgniter->run()
#5 /Library/WebServer/Documents/digitaltax/system/Commands/Server/rewrite.php(34): require_once('/Library/WebSer...')
#6 {main}
CRITICAL - 2020-04-26 17:04:02 --> There is no data to {0}.
#0 /Library/WebServer/Documents/digitaltax/system/Model.php(802): CodeIgniter\Database\Exceptions\DataException::forEmptyDataset('update')
#1 /Library/WebServer/Documents/digitaltax/app/Controllers/User.php(40): CodeIgniter\Model->update(Array)
#2 /Library/WebServer/Documents/digitaltax/system/CodeIgniter.php(910): App\Controllers\User->updateProfile()
#3 /Library/WebServer/Documents/digitaltax/system/CodeIgniter.php(398): CodeIgniter\CodeIgniter->runController(Object(App\Controllers\User))
#4 /Library/WebServer/Documents/digitaltax/system/CodeIgniter.php(306): CodeIgniter\CodeIgniter->handleRequest(NULL, Object(Config\Cache), false)
#5 /Library/WebServer/Documents/digitaltax/public/index.php(45): CodeIgniter\CodeIgniter->run()
#6 /Library/WebServer/Documents/digitaltax/system/Commands/Server/rewrite.php(34): require_once('/Library/WebSer...')
#7 {main}
CRITICAL - 2020-04-26 17:06:34 --> There is no data to {0}.
#0 /Library/WebServer/Documents/digitaltax/system/Model.php(802): CodeIgniter\Database\Exceptions\DataException::forEmptyDataset('update')
#1 /Library/WebServer/Documents/digitaltax/app/Controllers/User.php(40): CodeIgniter\Model->update(Array)
#2 /Library/WebServer/Documents/digitaltax/system/CodeIgniter.php(910): App\Controllers\User->updateProfile()
#3 /Library/WebServer/Documents/digitaltax/system/CodeIgniter.php(398): CodeIgniter\CodeIgniter->runController(Object(App\Controllers\User))
#4 /Library/WebServer/Documents/digitaltax/system/CodeIgniter.php(306): CodeIgniter\CodeIgniter->handleRequest(NULL, Object(Config\Cache), false)
#5 /Library/WebServer/Documents/digitaltax/public/index.php(45): CodeIgniter\CodeIgniter->run()
#6 /Library/WebServer/Documents/digitaltax/system/Commands/Server/rewrite.php(34): require_once('/Library/WebSer...')
#7 {main}
CRITICAL - 2020-04-26 17:08:22 --> There is no data to {0}.
#0 /Library/WebServer/Documents/digitaltax/system/Model.php(802): CodeIgniter\Database\Exceptions\DataException::forEmptyDataset('update')
#1 /Library/WebServer/Documents/digitaltax/app/Controllers/User.php(42): CodeIgniter\Model->update(Array)
#2 /Library/WebServer/Documents/digitaltax/system/CodeIgniter.php(910): App\Controllers\User->updateProfile()
#3 /Library/WebServer/Documents/digitaltax/system/CodeIgniter.php(398): CodeIgniter\CodeIgniter->runController(Object(App\Controllers\User))
#4 /Library/WebServer/Documents/digitaltax/system/CodeIgniter.php(306): CodeIgniter\CodeIgniter->handleRequest(NULL, Object(Config\Cache), false)
#5 /Library/WebServer/Documents/digitaltax/public/index.php(45): CodeIgniter\CodeIgniter->run()
#6 /Library/WebServer/Documents/digitaltax/system/Commands/Server/rewrite.php(34): require_once('/Library/WebSer...')
#7 {main}
CRITICAL - 2020-04-26 17:10:10 --> Array to string conversion
#0 /Library/WebServer/Documents/digitaltax/app/Models/User/UserModel.php(61): CodeIgniter\Debug\Exceptions->errorHandler(8, 'Array to string...', '/Library/WebSer...', 61, Array)
#1 /Library/WebServer/Documents/digitaltax/system/Model.php(1619): App\Models\User\UserModel->getUpdatedData(Array)
#2 /Library/WebServer/Documents/digitaltax/system/Model.php(853): CodeIgniter\Model->trigger('afterUpdate', Array)
#3 /Library/WebServer/Documents/digitaltax/app/Controllers/User.php(44): CodeIgniter\Model->update(Array, Array)
#4 /Library/WebServer/Documents/digitaltax/system/CodeIgniter.php(910): App\Controllers\User->updateProfile()
#5 /Library/WebServer/Documents/digitaltax/system/CodeIgniter.php(398): CodeIgniter\CodeIgniter->runController(Object(App\Controllers\User))
#6 /Library/WebServer/Documents/digitaltax/system/CodeIgniter.php(306): CodeIgniter\CodeIgniter->handleRequest(NULL, Object(Config\Cache), false)
#7 /Library/WebServer/Documents/digitaltax/public/index.php(45): CodeIgniter\CodeIgniter->run()
#8 /Library/WebServer/Documents/digitaltax/system/Commands/Server/rewrite.php(34): require_once('/Library/WebSer...')
#9 {main}
CRITICAL - 2020-04-26 17:10:47 --> Array to string conversion
#0 /Library/WebServer/Documents/digitaltax/app/Models/User/UserModel.php(61): CodeIgniter\Debug\Exceptions->errorHandler(8, 'Array to string...', '/Library/WebSer...', 61, Array)
#1 /Library/WebServer/Documents/digitaltax/system/Model.php(1619): App\Models\User\UserModel->getUpdatedData(Array)
#2 /Library/WebServer/Documents/digitaltax/system/Model.php(853): CodeIgniter\Model->trigger('afterUpdate', Array)
#3 /Library/WebServer/Documents/digitaltax/app/Controllers/User.php(44): CodeIgniter\Model->update(Array, Array)
#4 /Library/WebServer/Documents/digitaltax/system/CodeIgniter.php(910): App\Controllers\User->updateProfile()
#5 /Library/WebServer/Documents/digitaltax/system/CodeIgniter.php(398): CodeIgniter\CodeIgniter->runController(Object(App\Controllers\User))
#6 /Library/WebServer/Documents/digitaltax/system/CodeIgniter.php(306): CodeIgniter\CodeIgniter->handleRequest(NULL, Object(Config\Cache), false)
#7 /Library/WebServer/Documents/digitaltax/public/index.php(45): CodeIgniter\CodeIgniter->run()
#8 /Library/WebServer/Documents/digitaltax/system/Commands/Server/rewrite.php(34): require_once('/Library/WebSer...')
#9 {main}
